<?xml version="1.0" encoding="UTF-8"?>
<!-- Generated by org.testng.reporters.JUnitReportReporter -->
<testsuite skipped="0" hostname="DESKTOP-8OBLECF" name="com.learnautomation.api.DiffAPIMethods7" tests="1" failures="0" timestamp="2021-05-28T09:50:00 IST" time="14.483" errors="0">
  <testcase name="testPost" time="14.483" classname="com.learnautomation.api.DiffAPIMethods7"/>
  <system-out/>
</testsuite> <!-- com.learnautomation.api.DiffAPIMethods7 -->
