<?xml version="1.0" encoding="UTF-8"?>
<!-- Generated by org.testng.reporters.JUnitReportReporter -->
<testsuite skipped="0" hostname="DESKTOP-8OBLECF" name="com.learnautomation.api.DiffAPIMethods2" tests="1" failures="0" timestamp="2021-05-27T10:09:28 IST" time="12.977" errors="0">
  <testcase name="testPost" time="12.977" classname="com.learnautomation.api.DiffAPIMethods2"/>
  <system-out/>
</testsuite> <!-- com.learnautomation.api.DiffAPIMethods2 -->
