<?xml version="1.0" encoding="UTF-8"?>
<!-- Generated by org.testng.reporters.JUnitReportReporter -->
<testsuite skipped="0" hostname="DESKTOP-8OBLECF" name="com.learnautomation.api.HandleAuth" tests="2" failures="0" timestamp="2021-05-28T10:08:54 IST" time="9.616" errors="0">
  <testcase name="testAuth1" time="1.393" classname="com.learnautomation.api.HandleAuth"/>
  <system-out/>
  <testcase name="testAuth" time="8.223" classname="com.learnautomation.api.HandleAuth"/>
  <system-out/>
</testsuite> <!-- com.learnautomation.api.HandleAuth -->
