<?xml version="1.0" encoding="UTF-8"?>
<!-- Generated by org.testng.reporters.JUnitReportReporter -->
<testsuite skipped="0" hostname="DESKTOP-8OBLECF" name="com.learnautomation.api.DiffAPIMethods3" tests="3" failures="0" timestamp="2021-05-27T10:25:04 IST" time="15.134" errors="0">
  <testcase name="createToken" time="12.533" classname="com.learnautomation.api.DiffAPIMethods3"/>
  <system-out/>
  <testcase name="getBookingID" time="1.274" classname="com.learnautomation.api.DiffAPIMethods3"/>
  <system-out/>
  <testcase name="deleteBooking" time="1.327" classname="com.learnautomation.api.DiffAPIMethods3"/>
  <system-out/>
</testsuite> <!-- com.learnautomation.api.DiffAPIMethods3 -->
