<?xml version="1.0" encoding="UTF-8"?>
<!-- Generated by org.testng.reporters.JUnitReportReporter -->
<testsuite skipped="0" hostname="DESKTOP-8OBLECF" name="com.learnautomation.api.FirstAPIRestAssured2" tests="1" failures="0" timestamp="2021-05-21T00:17:52 IST" time="9.644" errors="0">
  <testcase name="getResponseCode" time="9.644" classname="com.learnautomation.api.FirstAPIRestAssured2"/>
  <system-out/>
</testsuite> <!-- com.learnautomation.api.FirstAPIRestAssured2 -->
