<?xml version="1.0" encoding="UTF-8"?>
<!-- Generated by org.testng.reporters.JUnitReportReporter -->
<testsuite skipped="2" hostname="DESKTOP-8OBLECF" name="com.learnautomation.api.SecondAPITest" tests="3" failures="0" timestamp="2021-05-27T09:29:26 IST" time="9.887" errors="0">
  <testcase name="testJSON2" time="9.887" classname="com.learnautomation.api.SecondAPITest"/>
  <system-out/>
  <testcase name="testJSON" classname="com.learnautomation.api.SecondAPITest">
    <skipped/>
  </testcase> <!-- testJSON -->
  <system-out/>
  <testcase name="testJSON1" classname="com.learnautomation.api.SecondAPITest">
    <skipped/>
  </testcase> <!-- testJSON1 -->
  <system-out/>
</testsuite> <!-- com.learnautomation.api.SecondAPITest -->
