<?xml version="1.0" encoding="UTF-8"?>
<!-- Generated by org.testng.reporters.JUnitReportReporter -->
<testsuite skipped="0" hostname="DESKTOP-8OBLECF" name="com.learnautomation.api.FirstAPITest" tests="3" failures="0" timestamp="2021-04-16T10:32:00 IST" time="11.157" errors="0">
  <testcase name="getResponseCode" time="6.562" classname="com.learnautomation.api.FirstAPITest"/>
  <system-out/>
  <testcase name="testSite" time="0.247" classname="com.learnautomation.api.FirstAPITest"/>
  <system-out/>
  <testcase name="getResponseData" time="4.348" classname="com.learnautomation.api.FirstAPITest"/>
  <system-out/>
</testsuite> <!-- com.learnautomation.api.FirstAPITest -->
