<?xml version="1.0" encoding="UTF-8"?>
<!-- Generated by org.testng.reporters.JUnitReportReporter -->
<testsuite skipped="0" hostname="DESKTOP-8OBLECF" name="com.learnautomation.orangehrm.grid.MyFirstSeleniumGrid" tests="1" failures="0" timestamp="2021-04-09T10:29:02 IST" time="25.160" errors="0">
  <testcase name="testOnBrowserStack" time="25.160" classname="com.learnautomation.orangehrm.grid.MyFirstSeleniumGrid"/>
  <system-out/>
</testsuite> <!-- com.learnautomation.orangehrm.grid.MyFirstSeleniumGrid -->
