<?xml version="1.0" encoding="UTF-8"?>
<!-- Generated by org.testng.reporters.JUnitReportReporter -->
<testsuite skipped="0" hostname="DESKTOP-8OBLECF" name="com.learnautomation.api.HandlOAuth" tests="1" failures="0" timestamp="2021-05-28T10:59:32 IST" time="7.834" errors="0">
  <testcase name="testAuth" time="7.834" classname="com.learnautomation.api.HandlOAuth"/>
  <system-out/>
</testsuite> <!-- com.learnautomation.api.HandlOAuth -->
