<?xml version="1.0" encoding="UTF-8"?>
<!-- Generated by org.testng.reporters.JUnitReportReporter -->
<testsuite skipped="0" hostname="DESKTOP-8OBLECF" name="com.learnautomation.orangehrm.testcases.SeleniumOnDocker2" tests="1" failures="0" timestamp="2021-05-20T10:55:25 IST" time="139.136" errors="0">
  <testcase name="testOnChrome" time="139.136" classname="com.learnautomation.orangehrm.testcases.SeleniumOnDocker2"/>
  <system-out/>
</testsuite> <!-- com.learnautomation.orangehrm.testcases.SeleniumOnDocker2 -->
